# JRE version: Java(TM) SE Runtime Environment (8.0_73-b02) (build 1.8.0_73-b02)
# Java VM: Java HotSpot(TM) 64-Bit Server VM (25.73-b02 mixed mode windows-amd64 compressed oops)
Heap:
 PSYoungGen      total 106496K, used 60311K [0x0000000780000000, 0x0000000787000000, 0x00000007c0000000)
  eden space 98304K, 53% used [0x0000000780000000,0x00000007832ecf20,0x0000000786000000)
  from space 8192K, 99% used [0x0000000786800000,0x0000000786ff8fa8,0x0000000787000000)
  to   space 8192K, 0% used [0x0000000786000000,0x0000000786000000,0x0000000786800000)
 ParOldGen       total 131072K, used 27309K [0x0000000700000000, 0x0000000708000000, 0x0000000780000000)
  object space 131072K, 20% used [0x0000000700000000,0x0000000701aab778,0x0000000708000000)
 Metaspace       used 10591K, capacity 10788K, committed 11136K, reserved 1058816K
  class space    used 1228K, capacity 1292K, committed 1408K, reserved 1048576K
GC Heap History (8 events):
Event: 1.653 GC heap before
{Heap before GC invocations=1 (full 0):
 PSYoungGen      total 57344K, used 49152K [0x0000000780000000, 0x0000000784000000, 0x00000007c0000000)
  eden space 49152K, 100% used [0x0000000780000000,0x0000000783000000,0x0000000783000000)
  from space 8192K, 0% used [0x0000000783800000,0x0000000783800000,0x0000000784000000)
  to   space 8192K, 0% used [0x0000000783000000,0x0000000783000000,0x0000000783800000)
 ParOldGen       total 131072K, used 0K [0x0000000700000000, 0x0000000708000000, 0x0000000780000000)
  object space 131072K, 0% used [0x0000000700000000,0x0000000700000000,0x0000000708000000)
 Metaspace       used 10508K, capacity 10656K, committed 10880K, reserved 1058816K
  class space    used 1228K, capacity 1292K, committed 1408K, reserved 1048576K
Event: 1.663 GC heap after
Heap after GC invocations=1 (full 0):
 PSYoungGen      total 57344K, used 8179K [0x0000000780000000, 0x0000000784000000, 0x00000007c0000000)
  eden space 49152K, 0% used [0x0000000780000000,0x0000000780000000,0x0000000783000000)
  from space 8192K, 99% used [0x0000000783000000,0x00000007837fcf98,0x0000000783800000)
  to   space 8192K, 0% used [0x0000000783800000,0x0000000783800000,0x0000000784000000)
 ParOldGen       total 131072K, used 7102K [0x0000000700000000, 0x0000000708000000, 0x0000000780000000)
  object space 131072K, 5% used [0x0000000700000000,0x00000007006efb08,0x0000000708000000)
 Metaspace       used 10508K, capacity 10656K, committed 10880K, reserved 1058816K
  class space    used 1228K, capacity 1292K, committed 1408K, reserved 1048576K
}
Event: 1.799 GC heap before
{Heap before GC invocations=2 (full 0):
 PSYoungGen      total 57344K, used 57331K [0x0000000780000000, 0x0000000784000000, 0x00000007c0000000)
  eden space 49152K, 100% used [0x0000000780000000,0x0000000783000000,0x0000000783000000)
  from space 8192K, 99% used [0x0000000783000000,0x00000007837fcf98,0x0000000783800000)
  to   space 8192K, 0% used [0x0000000783800000,0x0000000783800000,0x0000000784000000)
 ParOldGen       total 131072K, used 7102K [0x0000000700000000, 0x0000000708000000, 0x0000000780000000)
  object space 131072K, 5% used [0x0000000700000000,0x00000007006efb08,0x0000000708000000)
 Metaspace       used 10510K, capacity 10656K, committed 10880K, reserved 1058816K
  class space    used 1228K, capacity 1292K, committed 1408K, reserved 1048576K
Event: 1.807 GC heap after
Heap after GC invocations=2 (full 0):
 PSYoungGen      total 57344K, used 8163K [0x0000000780000000, 0x0000000787000000, 0x00000007c0000000)
  eden space 49152K, 0% used [0x0000000780000000,0x0000000780000000,0x0000000783000000)
  from space 8192K, 99% used [0x0000000783800000,0x0000000783ff8fa8,0x0000000784000000)
  to   space 8192K, 0% used [0x0000000783000000,0x0000000783000000,0x0000000783800000)
 ParOldGen       total 131072K, used 13798K [0x0000000700000000, 0x0000000708000000, 0x0000000780000000)
  object space 131072K, 10% used [0x0000000700000000,0x0000000700d799d8,0x0000000708000000)
 Metaspace       used 10510K, capacity 10656K, committed 10880K, reserved 1058816K
  class space    used 1228K, capacity 1292K, committed 1408K, reserved 1048576K
}
Event: 1.924 GC heap before
{Heap before GC invocations=3 (full 0):
 PSYoungGen      total 57344K, used 57315K [0x0000000780000000, 0x0000000787000000, 0x00000007c0000000)
  eden space 49152K, 100% used [0x0000000780000000,0x0000000783000000,0x0000000783000000)
  from space 8192K, 99% used [0x0000000783800000,0x0000000783ff8fa8,0x0000000784000000)
  to   space 8192K, 0% used [0x0000000783000000,0x0000000783000000,0x0000000783800000)
 ParOldGen       total 131072K, used 13798K [0x0000000700000000, 0x0000000708000000, 0x0000000780000000)
  object space 131072K, 10% used [0x0000000700000000,0x0000000700d799d8,0x0000000708000000)
 Metaspace       used 10514K, capacity 10656K, committed 10880K, reserved 1058816K
  class space    used 1228K, capacity 1292K, committed 1408K, reserved 1048576K
Event: 1.930 GC heap after
Heap after GC invocations=3 (full 0):
 PSYoungGen      total 57344K, used 8179K [0x0000000780000000, 0x0000000787000000, 0x00000007c0000000)
  eden space 49152K, 0% used [0x0000000780000000,0x0000000780000000,0x0000000783000000)
  from space 8192K, 99% used [0x0000000783000000,0x00000007837fcfb8,0x0000000783800000)
  to   space 8192K, 0% used [0x0000000786800000,0x0000000786800000,0x0000000787000000)
 ParOldGen       total 131072K, used 20470K [0x0000000700000000, 0x0000000708000000, 0x0000000780000000)
  object space 131072K, 15% used [0x0000000700000000,0x00000007013fd8a8,0x0000000708000000)
 Metaspace       used 10514K, capacity 10656K, committed 10880K, reserved 1058816K
  class space    used 1228K, capacity 1292K, committed 1408K, reserved 1048576K
}
Event: 2.048 GC heap before
{Heap before GC invocations=4 (full 0):
 PSYoungGen      total 57344K, used 57331K [0x0000000780000000, 0x0000000787000000, 0x00000007c0000000)
  eden space 49152K, 100% used [0x0000000780000000,0x0000000783000000,0x0000000783000000)
  from space 8192K, 99% used [0x0000000783000000,0x00000007837fcfb8,0x0000000783800000)
  to   space 8192K, 0% used [0x0000000786800000,0x0000000786800000,0x0000000787000000)
 ParOldGen       total 131072K, used 20470K [0x0000000700000000, 0x0000000708000000, 0x0000000780000000)
  object space 131072K, 15% used [0x0000000700000000,0x00000007013fd8a8,0x0000000708000000)
 Metaspace       used 10536K, capacity 10724K, committed 10880K, reserved 1058816K
  class space    used 1228K, capacity 1292K, committed 1408K, reserved 1048576K
Event: 2.056 GC heap after
Heap after GC invocations=4 (full 0):
 PSYoungGen      total 106496K, used 8163K [0x0000000780000000, 0x0000000787000000, 0x00000007c0000000)
  eden space 98304K, 0% used [0x0000000780000000,0x0000000780000000,0x0000000786000000)
  from space 8192K, 99% used [0x0000000786800000,0x0000000786ff8fa8,0x0000000787000000)
  to   space 8192K, 0% used [0x0000000786000000,0x0000000786000000,0x0000000786800000)
 ParOldGen       total 131072K, used 27309K [0x0000000700000000, 0x0000000708000000, 0x0000000780000000)
  object space 131072K, 20% used [0x0000000700000000,0x0000000701aab778,0x0000000708000000)
 Metaspace       used 10536K, capacity 10724K, committed 10880K, reserved 1058816K
  class space    used 1228K, capacity 1292K, committed 1408K, reserved 1048576K
}

