# JRE version: Java(TM) SE Runtime Environment (8.0_144-b01) (build 1.8.0_144-b01)
# Java VM: Java HotSpot(TM) Client VM (25.144-b01 mixed mode, sharing windows-x86 )
Heap:
 def new generation   total 4928K, used 4549K [0x04600000, 0x04b50000, 0x09b50000)
  eden space 4416K,  98% used [0x04600000, 0x04a41af0, 0x04a50000)
  from space 512K,  37% used [0x04a50000, 0x04a7fb38, 0x04ad0000)
  to   space 512K,   0% used [0x04ad0000, 0x04ad0000, 0x04b50000)
 tenured generation   total 14280K, used 11474K [0x09b50000, 0x0a942000, 0x14600000)
   the space 14280K,  80% used [0x09b50000, 0x0a684b10, 0x0a684c00, 0x0a942000)
 Metaspace       used 1173K, capacity 2868K, committed 2880K, reserved 4480K
GC Heap History (10 events):
Event: 0.887 GC heap before
{Heap before GC invocations=25 (full 0):
 def new generation   total 4928K, used 4723K [0x04600000, 0x04b50000, 0x09b50000)
  eden space 4416K, 100% used [0x04600000, 0x04a50000, 0x04a50000)
  from space 512K,  60% used [0x04ad0000, 0x04b1ce50, 0x04b50000)
  to   space 512K,   0% used [0x04a50000, 0x04a50000, 0x04ad0000)
 tenured generation   total 10944K, used 4078K [0x09b50000, 0x0a600000, 0x14600000)
   the space 10944K,  37% used [0x09b50000, 0x09f4bad0, 0x09f4bc00, 0x0a600000)
 Metaspace       used 1155K, capacity 2836K, committed 2880K, reserved 4480K
Event: 0.888 GC heap after
Heap after GC invocations=26 (full 0):
 def new generation   total 4928K, used 278K [0x04600000, 0x04b50000, 0x09b50000)
  eden space 4416K,   0% used [0x04600000, 0x04600000, 0x04a50000)
  from space 512K,  54% used [0x04a50000, 0x04a95ab0, 0x04ad0000)
  to   space 512K,   0% used [0x04ad0000, 0x04ad0000, 0x04b50000)
 tenured generation   total 10944K, used 4224K [0x09b50000, 0x0a600000, 0x14600000)
   the space 10944K,  38% used [0x09b50000, 0x09f70248, 0x09f70400, 0x0a600000)
 Metaspace       used 1155K, capacity 2836K, committed 2880K, reserved 4480K
}
Event: 0.892 GC heap before
{Heap before GC invocations=26 (full 0):
 def new generation   total 4928K, used 4694K [0x04600000, 0x04b50000, 0x09b50000)
  eden space 4416K, 100% used [0x04600000, 0x04a50000, 0x04a50000)
  from space 512K,  54% used [0x04a50000, 0x04a95ab0, 0x04ad0000)
  to   space 512K,   0% used [0x04ad0000, 0x04ad0000, 0x04b50000)
 tenured generation   total 10944K, used 4224K [0x09b50000, 0x0a600000, 0x14600000)
   the space 10944K,  38% used [0x09b50000, 0x09f70248, 0x09f70400, 0x0a600000)
 Metaspace       used 1155K, capacity 2836K, committed 2880K, reserved 4480K
Event: 0.892 GC heap after
Heap after GC invocations=27 (full 0):
 def new generation   total 4928K, used 215K [0x04600000, 0x04b50000, 0x09b50000)
  eden space 4416K,   0% used [0x04600000, 0x04600000, 0x04a50000)
  from space 512K,  42% used [0x04ad0000, 0x04b05f68, 0x04b50000)
  to   space 512K,   0% used [0x04a50000, 0x04a50000, 0x04ad0000)
 tenured generation   total 10944K, used 4393K [0x09b50000, 0x0a600000, 0x14600000)
   the space 10944K,  40% used [0x09b50000, 0x09f9a420, 0x09f9a600, 0x0a600000)
 Metaspace       used 1155K, capacity 2836K, committed 2880K, reserved 4480K
}
Event: 0.896 GC heap before
{Heap before GC invocations=27 (full 0):
 def new generation   total 4928K, used 4631K [0x04600000, 0x04b50000, 0x09b50000)
  eden space 4416K, 100% used [0x04600000, 0x04a50000, 0x04a50000)
  from space 512K,  42% used [0x04ad0000, 0x04b05f68, 0x04b50000)
  to   space 512K,   0% used [0x04a50000, 0x04a50000, 0x04ad0000)
 tenured generation   total 10944K, used 4393K [0x09b50000, 0x0a600000, 0x14600000)
   the space 10944K,  40% used [0x09b50000, 0x09f9a420, 0x09f9a600, 0x0a600000)
 Metaspace       used 1155K, capacity 2836K, committed 2880K, reserved 4480K
Event: 0.896 GC heap after
Heap after GC invocations=28 (full 0):
 def new generation   total 4928K, used 322K [0x04600000, 0x04b50000, 0x09b50000)
  eden space 4416K,   0% used [0x04600000, 0x04600000, 0x04a50000)
  from space 512K,  63% used [0x04a50000, 0x04aa0b60, 0x04ad0000)
  to   space 512K,   0% used [0x04ad0000, 0x04ad0000, 0x04b50000)
 tenured generation   total 10944K, used 4393K [0x09b50000, 0x0a600000, 0x14600000)
   the space 10944K,  40% used [0x09b50000, 0x09f9a420, 0x09f9a600, 0x0a600000)
 Metaspace       used 1155K, capacity 2836K, committed 2880K, reserved 4480K
}
Event: 0.904 GC heap before
{Heap before GC invocations=28 (full 0):
 def new generation   total 4928K, used 4163K [0x04600000, 0x04b50000, 0x09b50000)
  eden space 4416K,  86% used [0x04600000, 0x049c0360, 0x04a50000)
  from space 512K,  63% used [0x04a50000, 0x04aa0b60, 0x04ad0000)
  to   space 512K,   0% used [0x04ad0000, 0x04ad0000, 0x04b50000)
 tenured generation   total 10944K, used 7993K [0x09b50000, 0x0a600000, 0x14600000)
   the space 10944K,  73% used [0x09b50000, 0x0a31e430, 0x0a31e600, 0x0a600000)
 Metaspace       used 1166K, capacity 2868K, committed 2880K, reserved 4480K
Event: 0.907 GC heap after
Heap after GC invocations=29 (full 0):
 def new generation   total 4928K, used 154K [0x04600000, 0x04b50000, 0x09b50000)
  eden space 4416K,   0% used [0x04600000, 0x04600000, 0x04a50000)
  from space 512K,  30% used [0x04ad0000, 0x04af6b78, 0x04b50000)
  to   space 512K,   0% used [0x04a50000, 0x04a50000, 0x04ad0000)
 tenured generation   total 14280K, used 11474K [0x09b50000, 0x0a942000, 0x14600000)
   the space 14280K,  80% used [0x09b50000, 0x0a684b10, 0x0a684c00, 0x0a942000)
 Metaspace       used 1166K, capacity 2868K, committed 2880K, reserved 4480K
}
Event: 0.932 GC heap before
{Heap before GC invocations=29 (full 0):
 def new generation   total 4928K, used 4570K [0x04600000, 0x04b50000, 0x09b50000)
  eden space 4416K, 100% used [0x04600000, 0x04a50000, 0x04a50000)
  from space 512K,  30% used [0x04ad0000, 0x04af6b78, 0x04b50000)
  to   space 512K,   0% used [0x04a50000, 0x04a50000, 0x04ad0000)
 tenured generation   total 14280K, used 11474K [0x09b50000, 0x0a942000, 0x14600000)
   the space 14280K,  80% used [0x09b50000, 0x0a684b10, 0x0a684c00, 0x0a942000)
 Metaspace       used 1172K, capacity 2868K, committed 2880K, reserved 4480K
Event: 0.933 GC heap after
Heap after GC invocations=30 (full 0):
 def new generation   total 4928K, used 190K [0x04600000, 0x04b50000, 0x09b50000)
  eden space 4416K,   0% used [0x04600000, 0x04600000, 0x04a50000)
  from space 512K,  37% used [0x04a50000, 0x04a7fb38, 0x04ad0000)
  to   space 512K,   0% used [0x04ad0000, 0x04ad0000, 0x04b50000)
 tenured generation   total 14280K, used 11474K [0x09b50000, 0x0a942000, 0x14600000)
   the space 14280K,  80% used [0x09b50000, 0x0a684b10, 0x0a684c00, 0x0a942000)
 Metaspace       used 1172K, capacity 2868K, committed 2880K, reserved 4480K
}

