# JRE version: Java(TM) SE Runtime Environment (8.0_144-b01) (build 1.8.0_144-b01)
# Java VM: Java HotSpot(TM) Client VM (25.144-b01 mixed mode, sharing windows-x86 )
Heap:
 def new generation   total 8832K, used 486K [0x04a00000, 0x05390000, 0x09f50000)
  eden space 7872K,   5% used [0x04a00000, 0x04a6e488, 0x051b0000)
  from space 960K,   4% used [0x052a0000, 0x052ab610, 0x05390000)
  to   space 960K,   0% used [0x051b0000, 0x051b0000, 0x052a0000)
 tenured generation   total 19424K, used 11652K [0x09f50000, 0x0b248000, 0x14a00000)
   the space 19424K,  59% used [0x09f50000, 0x0aab10a0, 0x0aab1200, 0x0b248000)
 Metaspace       used 1173K, capacity 2868K, committed 2880K, reserved 4480K
GC Heap History (10 events):
Event: 1.151 GC heap before
{Heap before GC invocations=26 (full 0):
 def new generation   total 4928K, used 4694K [0x04a00000, 0x04f50000, 0x09f50000)
  eden space 4416K, 100% used [0x04a00000, 0x04e50000, 0x04e50000)
  from space 512K,  54% used [0x04e50000, 0x04e95a88, 0x04ed0000)
  to   space 512K,   0% used [0x04ed0000, 0x04ed0000, 0x04f50000)
 tenured generation   total 10944K, used 4226K [0x09f50000, 0x0aa00000, 0x14a00000)
   the space 10944K,  38% used [0x09f50000, 0x0a3709b0, 0x0a370a00, 0x0aa00000)
 Metaspace       used 1155K, capacity 2836K, committed 2880K, reserved 4480K
Event: 1.152 GC heap after
Heap after GC invocations=27 (full 0):
 def new generation   total 4928K, used 216K [0x04a00000, 0x04f50000, 0x09f50000)
  eden space 4416K,   0% used [0x04a00000, 0x04a00000, 0x04e50000)
  from space 512K,  42% used [0x04ed0000, 0x04f06030, 0x04f50000)
  to   space 512K,   0% used [0x04e50000, 0x04e50000, 0x04ed0000)
 tenured generation   total 10944K, used 4394K [0x09f50000, 0x0aa00000, 0x14a00000)
   the space 10944K,  40% used [0x09f50000, 0x0a39ab88, 0x0a39ac00, 0x0aa00000)
 Metaspace       used 1155K, capacity 2836K, committed 2880K, reserved 4480K
}
Event: 1.155 GC heap before
{Heap before GC invocations=27 (full 0):
 def new generation   total 4928K, used 4632K [0x04a00000, 0x04f50000, 0x09f50000)
  eden space 4416K, 100% used [0x04a00000, 0x04e50000, 0x04e50000)
  from space 512K,  42% used [0x04ed0000, 0x04f06030, 0x04f50000)
  to   space 512K,   0% used [0x04e50000, 0x04e50000, 0x04ed0000)
 tenured generation   total 10944K, used 4394K [0x09f50000, 0x0aa00000, 0x14a00000)
   the space 10944K,  40% used [0x09f50000, 0x0a39ab88, 0x0a39ac00, 0x0aa00000)
 Metaspace       used 1155K, capacity 2836K, committed 2880K, reserved 4480K
Event: 1.156 GC heap after
Heap after GC invocations=28 (full 0):
 def new generation   total 4928K, used 323K [0x04a00000, 0x04f50000, 0x09f50000)
  eden space 4416K,   0% used [0x04a00000, 0x04a00000, 0x04e50000)
  from space 512K,  63% used [0x04e50000, 0x04ea0c58, 0x04ed0000)
  to   space 512K,   0% used [0x04ed0000, 0x04ed0000, 0x04f50000)
 tenured generation   total 10944K, used 4394K [0x09f50000, 0x0aa00000, 0x14a00000)
   the space 10944K,  40% used [0x09f50000, 0x0a39ab88, 0x0a39ac00, 0x0aa00000)
 Metaspace       used 1155K, capacity 2836K, committed 2880K, reserved 4480K
}
Event: 1.166 GC heap before
{Heap before GC invocations=28 (full 0):
 def new generation   total 4928K, used 4163K [0x04a00000, 0x04f50000, 0x09f50000)
  eden space 4416K,  86% used [0x04a00000, 0x04dc0370, 0x04e50000)
  from space 512K,  63% used [0x04e50000, 0x04ea0c58, 0x04ed0000)
  to   space 512K,   0% used [0x04ed0000, 0x04ed0000, 0x04f50000)
 tenured generation   total 10944K, used 4394K [0x09f50000, 0x0aa00000, 0x14a00000)
   the space 10944K,  40% used [0x09f50000, 0x0a39ab88, 0x0a39ac00, 0x0aa00000)
 Metaspace       used 1166K, capacity 2868K, committed 2880K, reserved 4480K
Event: 1.169 GC heap after
Heap after GC invocations=29 (full 0):
 def new generation   total 4928K, used 152K [0x04a00000, 0x04f50000, 0x09f50000)
  eden space 4416K,   0% used [0x04a00000, 0x04a00000, 0x04e50000)
  from space 512K,  29% used [0x04ed0000, 0x04ef6368, 0x04f50000)
  to   space 512K,   0% used [0x04e50000, 0x04e50000, 0x04ed0000)
 tenured generation   total 10944K, used 7876K [0x09f50000, 0x0aa00000, 0x14a00000)
   the space 10944K,  71% used [0x09f50000, 0x0a701268, 0x0a701400, 0x0aa00000)
 Metaspace       used 1166K, capacity 2868K, committed 2880K, reserved 4480K
}
Event: 1.178 GC heap before
{Heap before GC invocations=29 (full 0):
 def new generation   total 4928K, used 4568K [0x04a00000, 0x04f50000, 0x09f50000)
  eden space 4416K, 100% used [0x04a00000, 0x04e50000, 0x04e50000)
  from space 512K,  29% used [0x04ed0000, 0x04ef6368, 0x04f50000)
  to   space 512K,   0% used [0x04e50000, 0x04e50000, 0x04ed0000)
 tenured generation   total 10944K, used 7876K [0x09f50000, 0x0aa00000, 0x14a00000)
   the space 10944K,  71% used [0x09f50000, 0x0a701268, 0x0a701400, 0x0aa00000)
 Metaspace       used 1172K, capacity 2868K, committed 2880K, reserved 4480K
Event: 1.187 GC heap after
Heap after GC invocations=30 (full 1):
 def new generation   total 8832K, used 0K [0x04a00000, 0x05390000, 0x09f50000)
  eden space 7872K,   0% used [0x04a00000, 0x04a00000, 0x051b0000)
  from space 960K,   0% used [0x051b0000, 0x051b0000, 0x052a0000)
  to   space 960K,   0% used [0x052a0000, 0x052a0000, 0x05390000)
 tenured generation   total 19424K, used 11652K [0x09f50000, 0x0b248000, 0x14a00000)
   the space 19424K,  59% used [0x09f50000, 0x0aab10a0, 0x0aab1200, 0x0b248000)
 Metaspace       used 1172K, capacity 2868K, committed 2880K, reserved 4480K
}
Event: 1.221 GC heap before
{Heap before GC invocations=30 (full 1):
 def new generation   total 8832K, used 7872K [0x04a00000, 0x05390000, 0x09f50000)
  eden space 7872K, 100% used [0x04a00000, 0x051b0000, 0x051b0000)
  from space 960K,   0% used [0x051b0000, 0x051b0000, 0x052a0000)
  to   space 960K,   0% used [0x052a0000, 0x052a0000, 0x05390000)
 tenured generation   total 19424K, used 11652K [0x09f50000, 0x0b248000, 0x14a00000)
   the space 19424K,  59% used [0x09f50000, 0x0aab10a0, 0x0aab1200, 0x0b248000)
 Metaspace       used 1172K, capacity 2868K, committed 2880K, reserved 4480K
Event: 1.222 GC heap after
Heap after GC invocations=31 (full 1):
 def new generation   total 8832K, used 45K [0x04a00000, 0x05390000, 0x09f50000)
  eden space 7872K,   0% used [0x04a00000, 0x04a00000, 0x051b0000)
  from space 960K,   4% used [0x052a0000, 0x052ab610, 0x05390000)
  to   space 960K,   0% used [0x051b0000, 0x051b0000, 0x052a0000)
 tenured generation   total 19424K, used 11652K [0x09f50000, 0x0b248000, 0x14a00000)
   the space 19424K,  59% used [0x09f50000, 0x0aab10a0, 0x0aab1200, 0x0b248000)
 Metaspace       used 1172K, capacity 2868K, committed 2880K, reserved 4480K
}

