# JRE version: Java(TM) SE Runtime Environment (8.0_144-b01) (build 1.8.0_144-b01)
# Java VM: Java HotSpot(TM) Client VM (25.144-b01 mixed mode, sharing windows-x86 )
Heap:
 def new generation   total 4928K, used 4569K [0x04e00000, 0x05350000, 0x0a350000)
  eden space 4416K,  99% used [0x04e00000, 0x0524eab0, 0x05250000)
  from space 512K,  31% used [0x05250000, 0x05277ba0, 0x052d0000)
  to   space 512K,   0% used [0x052d0000, 0x052d0000, 0x05350000)
 tenured generation   total 14280K, used 11475K [0x0a350000, 0x0b142000, 0x14e00000)
   the space 14280K,  80% used [0x0a350000, 0x0ae84d10, 0x0ae84e00, 0x0b142000)
 Metaspace       used 1173K, capacity 2868K, committed 2880K, reserved 4480K
GC Heap History (10 events):
Event: 0.904 GC heap before
{Heap before GC invocations=25 (full 0):
 def new generation   total 4928K, used 4723K [0x04e00000, 0x05350000, 0x0a350000)
  eden space 4416K, 100% used [0x04e00000, 0x05250000, 0x05250000)
  from space 512K,  60% used [0x052d0000, 0x0531cf30, 0x05350000)
  to   space 512K,   0% used [0x05250000, 0x05250000, 0x052d0000)
 tenured generation   total 10944K, used 4079K [0x0a350000, 0x0ae00000, 0x14e00000)
   the space 10944K,  37% used [0x0a350000, 0x0a74bd78, 0x0a74be00, 0x0ae00000)
 Metaspace       used 1155K, capacity 2836K, committed 2880K, reserved 4480K
Event: 0.904 GC heap after
Heap after GC invocations=26 (full 0):
 def new generation   total 4928K, used 279K [0x04e00000, 0x05350000, 0x0a350000)
  eden space 4416K,   0% used [0x04e00000, 0x04e00000, 0x05250000)
  from space 512K,  54% used [0x05250000, 0x05295cf0, 0x052d0000)
  to   space 512K,   0% used [0x052d0000, 0x052d0000, 0x05350000)
 tenured generation   total 10944K, used 4225K [0x0a350000, 0x0ae00000, 0x14e00000)
   the space 10944K,  38% used [0x0a350000, 0x0a7704f0, 0x0a770600, 0x0ae00000)
 Metaspace       used 1155K, capacity 2836K, committed 2880K, reserved 4480K
}
Event: 0.908 GC heap before
{Heap before GC invocations=26 (full 0):
 def new generation   total 4928K, used 4695K [0x04e00000, 0x05350000, 0x0a350000)
  eden space 4416K, 100% used [0x04e00000, 0x05250000, 0x05250000)
  from space 512K,  54% used [0x05250000, 0x05295cf0, 0x052d0000)
  to   space 512K,   0% used [0x052d0000, 0x052d0000, 0x05350000)
 tenured generation   total 10944K, used 4225K [0x0a350000, 0x0ae00000, 0x14e00000)
   the space 10944K,  38% used [0x0a350000, 0x0a7704f0, 0x0a770600, 0x0ae00000)
 Metaspace       used 1155K, capacity 2836K, committed 2880K, reserved 4480K
Event: 0.909 GC heap after
Heap after GC invocations=27 (full 0):
 def new generation   total 4928K, used 216K [0x04e00000, 0x05350000, 0x0a350000)
  eden space 4416K,   0% used [0x04e00000, 0x04e00000, 0x05250000)
  from space 512K,  42% used [0x052d0000, 0x05306318, 0x05350000)
  to   space 512K,   0% used [0x05250000, 0x05250000, 0x052d0000)
 tenured generation   total 10944K, used 4393K [0x0a350000, 0x0ae00000, 0x14e00000)
   the space 10944K,  40% used [0x0a350000, 0x0a79a6c8, 0x0a79a800, 0x0ae00000)
 Metaspace       used 1155K, capacity 2836K, committed 2880K, reserved 4480K
}
Event: 0.912 GC heap before
{Heap before GC invocations=27 (full 0):
 def new generation   total 4928K, used 4632K [0x04e00000, 0x05350000, 0x0a350000)
  eden space 4416K, 100% used [0x04e00000, 0x05250000, 0x05250000)
  from space 512K,  42% used [0x052d0000, 0x05306318, 0x05350000)
  to   space 512K,   0% used [0x05250000, 0x05250000, 0x052d0000)
 tenured generation   total 10944K, used 4393K [0x0a350000, 0x0ae00000, 0x14e00000)
   the space 10944K,  40% used [0x0a350000, 0x0a79a6c8, 0x0a79a800, 0x0ae00000)
 Metaspace       used 1155K, capacity 2836K, committed 2880K, reserved 4480K
Event: 0.913 GC heap after
Heap after GC invocations=28 (full 0):
 def new generation   total 4928K, used 306K [0x04e00000, 0x05350000, 0x0a350000)
  eden space 4416K,   0% used [0x04e00000, 0x04e00000, 0x05250000)
  from space 512K,  59% used [0x05250000, 0x0529c960, 0x052d0000)
  to   space 512K,   0% used [0x052d0000, 0x052d0000, 0x05350000)
 tenured generation   total 10944K, used 4393K [0x0a350000, 0x0ae00000, 0x14e00000)
   the space 10944K,  40% used [0x0a350000, 0x0a79a6c8, 0x0a79a800, 0x0ae00000)
 Metaspace       used 1155K, capacity 2836K, committed 2880K, reserved 4480K
}
Event: 0.921 GC heap before
{Heap before GC invocations=28 (full 0):
 def new generation   total 4928K, used 4106K [0x04e00000, 0x05350000, 0x0a350000)
  eden space 4416K,  86% used [0x04e00000, 0x051b6220, 0x05250000)
  from space 512K,  59% used [0x05250000, 0x0529c960, 0x052d0000)
  to   space 512K,   0% used [0x052d0000, 0x052d0000, 0x05350000)
 tenured generation   total 10944K, used 7993K [0x0a350000, 0x0ae00000, 0x14e00000)
   the space 10944K,  73% used [0x0a350000, 0x0ab1e6d8, 0x0ab1e800, 0x0ae00000)
 Metaspace       used 1166K, capacity 2868K, committed 2880K, reserved 4480K
Event: 0.924 GC heap after
Heap after GC invocations=29 (full 0):
 def new generation   total 4928K, used 154K [0x04e00000, 0x05350000, 0x0a350000)
  eden space 4416K,   0% used [0x04e00000, 0x04e00000, 0x05250000)
  from space 512K,  30% used [0x052d0000, 0x052f6bd0, 0x05350000)
  to   space 512K,   0% used [0x05250000, 0x05250000, 0x052d0000)
 tenured generation   total 14280K, used 11475K [0x0a350000, 0x0b142000, 0x14e00000)
   the space 14280K,  80% used [0x0a350000, 0x0ae84d10, 0x0ae84e00, 0x0b142000)
 Metaspace       used 1166K, capacity 2868K, committed 2880K, reserved 4480K
}
Event: 0.946 GC heap before
{Heap before GC invocations=29 (full 0):
 def new generation   total 4928K, used 4570K [0x04e00000, 0x05350000, 0x0a350000)
  eden space 4416K, 100% used [0x04e00000, 0x05250000, 0x05250000)
  from space 512K,  30% used [0x052d0000, 0x052f6bd0, 0x05350000)
  to   space 512K,   0% used [0x05250000, 0x05250000, 0x052d0000)
 tenured generation   total 14280K, used 11475K [0x0a350000, 0x0b142000, 0x14e00000)
   the space 14280K,  80% used [0x0a350000, 0x0ae84d10, 0x0ae84e00, 0x0b142000)
 Metaspace       used 1172K, capacity 2868K, committed 2880K, reserved 4480K
Event: 0.948 GC heap after
Heap after GC invocations=30 (full 0):
 def new generation   total 4928K, used 158K [0x04e00000, 0x05350000, 0x0a350000)
  eden space 4416K,   0% used [0x04e00000, 0x04e00000, 0x05250000)
  from space 512K,  31% used [0x05250000, 0x05277ba0, 0x052d0000)
  to   space 512K,   0% used [0x052d0000, 0x052d0000, 0x05350000)
 tenured generation   total 14280K, used 11475K [0x0a350000, 0x0b142000, 0x14e00000)
   the space 14280K,  80% used [0x0a350000, 0x0ae84d10, 0x0ae84e00, 0x0b142000)
 Metaspace       used 1172K, capacity 2868K, committed 2880K, reserved 4480K
}

